2019-07-19T02:08:06+00:00 INFO Queuing 1.4.4 - evf_update_144_delete_options
2019-07-19T02:08:06+00:00 INFO Queuing 1.4.4 - evf_update_144_db_version
2019-07-19T02:08:06+00:00 INFO Queuing 1.4.9 - evf_update_149_db_rename_options
2019-07-19T02:08:06+00:00 INFO Queuing 1.4.9 - evf_update_149_no_payment_options
2019-07-19T02:08:06+00:00 INFO Queuing 1.4.9 - evf_update_149_db_version
2019-07-19T02:08:06+00:00 INFO Queuing 1.5.0 - evf_update_150_field_datetime_type
2019-07-19T02:08:06+00:00 INFO Queuing 1.5.0 - evf_update_150_db_version
2019-07-19T02:08:07+00:00 INFO Running evf_update_144_delete_options callback
2019-07-19T02:08:07+00:00 INFO Finished running evf_update_144_delete_options callback
2019-07-19T02:08:07+00:00 INFO Running evf_update_144_db_version callback
2019-07-19T02:08:07+00:00 INFO Finished running evf_update_144_db_version callback
2019-07-19T02:08:07+00:00 INFO Running evf_update_149_db_rename_options callback
2019-07-19T02:08:07+00:00 INFO Finished running evf_update_149_db_rename_options callback
2019-07-19T02:08:07+00:00 INFO Running evf_update_149_no_payment_options callback
2019-07-19T02:08:07+00:00 INFO Finished running evf_update_149_no_payment_options callback
2019-07-19T02:08:07+00:00 INFO Running evf_update_149_db_version callback
2019-07-19T02:08:07+00:00 INFO Finished running evf_update_149_db_version callback
2019-07-19T02:08:07+00:00 INFO Running evf_update_150_field_datetime_type callback
2019-07-19T02:08:07+00:00 INFO Finished running evf_update_150_field_datetime_type callback
2019-07-19T02:08:07+00:00 INFO Running evf_update_150_db_version callback
2019-07-19T02:08:07+00:00 INFO Finished running evf_update_150_db_version callback
2019-07-19T02:08:07+00:00 INFO Data update complete
