2019-01-11T07:57:27+00:00 CRITICAL Uncaught PDOException: SQLSTATE[HY000]: General error: 2031  in C:\xampp\htdocs\serviceitplus\events\wp-content\themes\serviceitplus\login.php:23
Stack trace:
#0 C:\xampp\htdocs\serviceitplus\events\wp-content\themes\serviceitplus\login.php(23): PDO->query('SELECT * FROM c...')
#1 C:\xampp\htdocs\serviceitplus\events\wp-includes\template-loader.php(74): include('C:\\xampp\\htdocs...')
#2 C:\xampp\htdocs\serviceitplus\events\wp-blog-header.php(19): require_once('C:\\xampp\\htdocs...')
#3 C:\xampp\htdocs\serviceitplus\events\index.php(17): require('C:\\xampp\\htdocs...')
#4 {main}
  thrown

2019-01-11T07:57:30+00:00 CRITICAL Uncaught PDOException: SQLSTATE[HY000]: General error: 2031  in C:\xampp\htdocs\serviceitplus\events\wp-content\themes\serviceitplus\login.php:23
Stack trace:
#0 C:\xampp\htdocs\serviceitplus\events\wp-content\themes\serviceitplus\login.php(23): PDO->query('SELECT * FROM c...')
#1 C:\xampp\htdocs\serviceitplus\events\wp-includes\template-loader.php(74): include('C:\\xampp\\htdocs...')
#2 C:\xampp\htdocs\serviceitplus\events\wp-blog-header.php(19): require_once('C:\\xampp\\htdocs...')
#3 C:\xampp\htdocs\serviceitplus\events\index.php(17): require('C:\\xampp\\htdocs...')
#4 {main}
  thrown

2019-01-11T07:57:41+00:00 CRITICAL Uncaught PDOException: SQLSTATE[HY000]: General error: 2031  in C:\xampp\htdocs\serviceitplus\events\wp-content\themes\serviceitplus\login.php:23
Stack trace:
#0 C:\xampp\htdocs\serviceitplus\events\wp-content\themes\serviceitplus\login.php(23): PDO->query('SELECT * FROM c...')
#1 C:\xampp\htdocs\serviceitplus\events\wp-includes\template-loader.php(74): include('C:\\xampp\\htdocs...')
#2 C:\xampp\htdocs\serviceitplus\events\wp-blog-header.php(19): require_once('C:\\xampp\\htdocs...')
#3 C:\xampp\htdocs\serviceitplus\events\index.php(17): require('C:\\xampp\\htdocs...')
#4 {main}
  thrown

2019-01-11T08:01:13+00:00 CRITICAL Uncaught PDOException: SQLSTATE[42S22]: Column not found: 1054 Unknown column 'test' in 'where clause' in C:\xampp\htdocs\serviceitplus\events\wp-content\themes\serviceitplus\login.php:23
Stack trace:
#0 C:\xampp\htdocs\serviceitplus\events\wp-content\themes\serviceitplus\login.php(23): PDO->query('SELECT * FROM c...')
#1 C:\xampp\htdocs\serviceitplus\events\wp-includes\template-loader.php(74): include('C:\\xampp\\htdocs...')
#2 C:\xampp\htdocs\serviceitplus\events\wp-blog-header.php(19): require_once('C:\\xampp\\htdocs...')
#3 C:\xampp\htdocs\serviceitplus\events\index.php(17): require('C:\\xampp\\htdocs...')
#4 {main}
  thrown

2019-01-11T08:01:22+00:00 CRITICAL Uncaught PDOException: SQLSTATE[42000]: Syntax error or access violation: 1064 You have an error in your SQL syntax; check the manual that corresponds to your MariaDB server version for the right syntax to use near '@ssw0rd' at line 1 in C:\xampp\htdocs\serviceitplus\events\wp-content\themes\serviceitplus\login.php:23
Stack trace:
#0 C:\xampp\htdocs\serviceitplus\events\wp-content\themes\serviceitplus\login.php(23): PDO->query('SELECT * FROM c...')
#1 C:\xampp\htdocs\serviceitplus\events\wp-includes\template-loader.php(74): include('C:\\xampp\\htdocs...')
#2 C:\xampp\htdocs\serviceitplus\events\wp-blog-header.php(19): require_once('C:\\xampp\\htdocs...')
#3 C:\xampp\htdocs\serviceitplus\events\index.php(17): require('C:\\xampp\\htdocs...')
#4 {main}
  thrown

2019-01-11T08:01:47+00:00 CRITICAL Uncaught PDOException: SQLSTATE[42000]: Syntax error or access violation: 1064 You have an error in your SQL syntax; check the manual that corresponds to your MariaDB server version for the right syntax to use near '@ssw0rd' at line 1 in C:\xampp\htdocs\serviceitplus\events\wp-content\themes\serviceitplus\login.php:23
Stack trace:
#0 C:\xampp\htdocs\serviceitplus\events\wp-content\themes\serviceitplus\login.php(23): PDO->query('SELECT * FROM c...')
#1 C:\xampp\htdocs\serviceitplus\events\wp-includes\template-loader.php(74): include('C:\\xampp\\htdocs...')
#2 C:\xampp\htdocs\serviceitplus\events\wp-blog-header.php(19): require_once('C:\\xampp\\htdocs...')
#3 C:\xampp\htdocs\serviceitplus\events\index.php(17): require('C:\\xampp\\htdocs...')
#4 {main}
  thrown

2019-01-11T08:01:53+00:00 CRITICAL Uncaught PDOException: SQLSTATE[42S22]: Column not found: 1054 Unknown column 'sit1' in 'where clause' in C:\xampp\htdocs\serviceitplus\events\wp-content\themes\serviceitplus\login.php:23
Stack trace:
#0 C:\xampp\htdocs\serviceitplus\events\wp-content\themes\serviceitplus\login.php(23): PDO->query('SELECT * FROM c...')
#1 C:\xampp\htdocs\serviceitplus\events\wp-includes\template-loader.php(74): include('C:\\xampp\\htdocs...')
#2 C:\xampp\htdocs\serviceitplus\events\wp-blog-header.php(19): require_once('C:\\xampp\\htdocs...')
#3 C:\xampp\htdocs\serviceitplus\events\index.php(17): require('C:\\xampp\\htdocs...')
#4 {main}
  thrown

2019-01-11T08:02:19+00:00 CRITICAL Uncaught PDOException: SQLSTATE[42S22]: Column not found: 1054 Unknown column 'sit1' in 'where clause' in C:\xampp\htdocs\serviceitplus\events\wp-content\themes\serviceitplus\login.php:23
Stack trace:
#0 C:\xampp\htdocs\serviceitplus\events\wp-content\themes\serviceitplus\login.php(23): PDO->query('SELECT * FROM c...')
#1 C:\xampp\htdocs\serviceitplus\events\wp-includes\template-loader.php(74): include('C:\\xampp\\htdocs...')
#2 C:\xampp\htdocs\serviceitplus\events\wp-blog-header.php(19): require_once('C:\\xampp\\htdocs...')
#3 C:\xampp\htdocs\serviceitplus\events\index.php(17): require('C:\\xampp\\htdocs...')
#4 {main}
  thrown

2019-01-11T08:02:23+00:00 CRITICAL Uncaught PDOException: SQLSTATE[42S22]: Column not found: 1054 Unknown column 'sit1' in 'where clause' in C:\xampp\htdocs\serviceitplus\events\wp-content\themes\serviceitplus\login.php:23
Stack trace:
#0 C:\xampp\htdocs\serviceitplus\events\wp-content\themes\serviceitplus\login.php(23): PDO->query('SELECT * FROM c...')
#1 C:\xampp\htdocs\serviceitplus\events\wp-includes\template-loader.php(74): include('C:\\xampp\\htdocs...')
#2 C:\xampp\htdocs\serviceitplus\events\wp-blog-header.php(19): require_once('C:\\xampp\\htdocs...')
#3 C:\xampp\htdocs\serviceitplus\events\index.php(17): require('C:\\xampp\\htdocs...')
#4 {main}
  thrown

2019-01-11T08:11:50+00:00 CRITICAL Uncaught PDOException: SQLSTATE[42S22]: Column not found: 1054 Unknown column 'password' in 'where clause' in C:\xampp\htdocs\serviceitplus\events\wp-content\themes\serviceitplus\login.php:25
Stack trace:
#0 C:\xampp\htdocs\serviceitplus\events\wp-content\themes\serviceitplus\login.php(25): PDO->query('SELECT * FROM c...')
#1 C:\xampp\htdocs\serviceitplus\events\wp-includes\template-loader.php(74): include('C:\\xampp\\htdocs...')
#2 C:\xampp\htdocs\serviceitplus\events\wp-blog-header.php(19): require_once('C:\\xampp\\htdocs...')
#3 C:\xampp\htdocs\serviceitplus\events\index.php(17): require('C:\\xampp\\htdocs...')
#4 {main}
  thrown

2019-01-14T09:03:17+00:00 CRITICAL Uncaught PDOException: SQLSTATE[HY000] [2002] A connection attempt failed because the connected party did not properly respond after a period of time, or established connection failed because connected host has failed to respond.
 in C:\xampp\htdocs\serviceitplus\events\wp-content\themes\serviceitplus\login.php:87
Stack trace:
#0 C:\xampp\htdocs\serviceitplus\events\wp-includes\template-loader.php(74): include()
#1 C:\xampp\htdocs\serviceitplus\events\wp-blog-header.php(19): require_once('C:\\xampp\\htdocs...')
#2 C:\xampp\htdocs\serviceitplus\events\index.php(17): require('C:\\xampp\\htdocs...')
#3 {main}
  thrown

2019-01-14T09:03:53+00:00 CRITICAL Uncaught PDOException: SQLSTATE[HY000] [2002] A connection attempt failed because the connected party did not properly respond after a period of time, or established connection failed because connected host has failed to respond.
 in C:\xampp\htdocs\serviceitplus\events\wp-content\themes\serviceitplus\login.php:87
Stack trace:
#0 C:\xampp\htdocs\serviceitplus\events\wp-includes\template-loader.php(74): include()
#1 C:\xampp\htdocs\serviceitplus\events\wp-blog-header.php(19): require_once('C:\\xampp\\htdocs...')
#2 C:\xampp\htdocs\serviceitplus\events\index.php(17): require('C:\\xampp\\htdocs...')
#3 {main}
  thrown

2019-01-14T09:15:09+00:00 CRITICAL Uncaught PDOException: SQLSTATE[HY000] [2002] A connection attempt failed because the connected party did not properly respond after a period of time, or established connection failed because connected host has failed to respond.
 in C:\xampp\htdocs\serviceitplus\events\wp-content\themes\serviceitplus\login.php:87
Stack trace:
#0 C:\xampp\htdocs\serviceitplus\events\wp-includes\template-loader.php(74): include()
#1 C:\xampp\htdocs\serviceitplus\events\wp-blog-header.php(19): require_once('C:\\xampp\\htdocs...')
#2 C:\xampp\htdocs\serviceitplus\events\index.php(17): require('C:\\xampp\\htdocs...')
#3 {main}
  thrown

2019-01-14T09:16:11+00:00 CRITICAL Uncaught PDOException: SQLSTATE[HY000] [2002] A connection attempt failed because the connected party did not properly respond after a period of time, or established connection failed because connected host has failed to respond.
 in C:\xampp\htdocs\serviceitplus\events\wp-content\themes\serviceitplus\login.php:87
Stack trace:
#0 C:\xampp\htdocs\serviceitplus\events\wp-includes\template-loader.php(74): include()
#1 C:\xampp\htdocs\serviceitplus\events\wp-blog-header.php(19): require_once('C:\\xampp\\htdocs...')
#2 C:\xampp\htdocs\serviceitplus\events\index.php(17): require('C:\\xampp\\htdocs...')
#3 {main}
  thrown

2019-01-14T09:17:44+00:00 CRITICAL Uncaught PDOException: SQLSTATE[HY000] [2002] A connection attempt failed because the connected party did not properly respond after a period of time, or established connection failed because connected host has failed to respond.
 in C:\xampp\htdocs\serviceitplus\events\wp-content\themes\serviceitplus\login.php:87
Stack trace:
#0 C:\xampp\htdocs\serviceitplus\events\wp-includes\template-loader.php(74): include()
#1 C:\xampp\htdocs\serviceitplus\events\wp-blog-header.php(19): require_once('C:\\xampp\\htdocs...')
#2 C:\xampp\htdocs\serviceitplus\events\index.php(17): require('C:\\xampp\\htdocs...')
#3 {main}
  thrown

2019-01-14T09:25:25+00:00 CRITICAL Uncaught PDOException: SQLSTATE[HY000] [2002] A connection attempt failed because the connected party did not properly respond after a period of time, or established connection failed because connected host has failed to respond.
 in C:\xampp\htdocs\serviceitplus\events\wp-content\themes\serviceitplus\JobManagement.php:45
Stack trace:
#0 C:\xampp\htdocs\serviceitplus\events\wp-includes\template-loader.php(74): include()
#1 C:\xampp\htdocs\serviceitplus\events\wp-blog-header.php(19): require_once('C:\\xampp\\htdocs...')
#2 C:\xampp\htdocs\serviceitplus\events\index.php(17): require('C:\\xampp\\htdocs...')
#3 {main}
  thrown

2019-01-14T09:26:12+00:00 CRITICAL Uncaught PDOException: SQLSTATE[HY000] [2002] A connection attempt failed because the connected party did not properly respond after a period of time, or established connection failed because connected host has failed to respond.
 in C:\xampp\htdocs\serviceitplus\events\wp-content\themes\serviceitplus\JobManagement.php:45
Stack trace:
#0 C:\xampp\htdocs\serviceitplus\events\wp-includes\template-loader.php(74): include()
#1 C:\xampp\htdocs\serviceitplus\events\wp-blog-header.php(19): require_once('C:\\xampp\\htdocs...')
#2 C:\xampp\htdocs\serviceitplus\events\index.php(17): require('C:\\xampp\\htdocs...')
#3 {main}
  thrown

2019-01-14T09:28:41+00:00 CRITICAL Uncaught PDOException: SQLSTATE[HY000] [2002] A connection attempt failed because the connected party did not properly respond after a period of time, or established connection failed because connected host has failed to respond.
 in C:\xampp\htdocs\serviceitplus\events\wp-content\themes\serviceitplus\JobManagement.php:45
Stack trace:
#0 C:\xampp\htdocs\serviceitplus\events\wp-includes\template-loader.php(74): include()
#1 C:\xampp\htdocs\serviceitplus\events\wp-blog-header.php(19): require_once('C:\\xampp\\htdocs...')
#2 C:\xampp\htdocs\serviceitplus\events\index.php(17): require('C:\\xampp\\htdocs...')
#3 {main}
  thrown

2019-01-14T09:29:12+00:00 CRITICAL Uncaught PDOException: SQLSTATE[HY000] [2002] A connection attempt failed because the connected party did not properly respond after a period of time, or established connection failed because connected host has failed to respond.
 in C:\xampp\htdocs\serviceitplus\events\wp-content\themes\serviceitplus\login.php:87
Stack trace:
#0 C:\xampp\htdocs\serviceitplus\events\wp-includes\template-loader.php(74): include()
#1 C:\xampp\htdocs\serviceitplus\events\wp-blog-header.php(19): require_once('C:\\xampp\\htdocs...')
#2 C:\xampp\htdocs\serviceitplus\events\index.php(17): require('C:\\xampp\\htdocs...')
#3 {main}
  thrown

2019-03-27T08:55:35+00:00 CRITICAL Maximum execution time of 30 seconds exceeded

2019-07-19T02:02:08+00:00 CRITICAL Maximum execution time of 30 seconds exceeded

2019-07-19T02:21:42+00:00 CRITICAL Maximum execution time of 60 seconds exceeded

